<?xml version="1.0" encoding="UTF-8"?>
<!-- Generated by org.testng.reporters.JUnitXMLReporter -->
<testsuite ignored="0" hostname="Mohans-Mac-mini.local" failures="1" tests="1" name="Test" time="7.009" errors="0" timestamp="2026-04-28T21:06:39 IST">
  <testcase classname="testCase.TC001_Application_Registration_Test" name="Registration" time="2.923">
    <failure type="java.lang.AssertionError" message="expected [Your Account Has Been Created!] but found [Register Account]">
      <![CDATA[java.lang.AssertionError: expected [Your Account Has Been Created!] but found [Register Account]
at testCase.TC001_Application_Registration_Test.Registration(TC001_Application_Registration_Test.java:48)
at java.base/java.util.ArrayList.forEach(ArrayList.java:1596)
... Removed 31 stack frames]]>
    </failure>
  </testcase> <!-- Registration -->
</testsuite> <!-- Test -->
